Analysis & Synthesis report for BT_PWM
Tue Nov 12 14:22:24 2019
Quartus Prime Version 18.1.0 Build 625 09/12/2018 SJ Lite Edition


---------------------
; Table of Contents ;
---------------------
  1. Legal Notice
  2. Analysis & Synthesis Summary
  3. Analysis & Synthesis Settings
  4. Parallel Compilation
  5. Analysis & Synthesis Source Files Read
  6. Analysis & Synthesis Resource Usage Summary
  7. Analysis & Synthesis Resource Utilization by Entity
  8. State Machine - |BT_PWM|uart_RX:inst0|urev:b2v_inst2|restate:inst1|state
  9. Registers Removed During Synthesis
 10. General Register Statistics
 11. Inverted Register Statistics
 12. Multiplexer Restructuring Statistics (Restructuring Performed)
 13. Parameter Settings for User Entity Instance: Top-level Entity: |BT_PWM
 14. Parameter Settings for User Entity Instance: uart_RX:inst0
 15. Parameter Settings for User Entity Instance: uart_RX:inst0|baudrate:b2v_inst
 16. Parameter Settings for User Entity Instance: uart_RX:inst0|urev:b2v_inst2|palshiftreg:inst
 17. Parameter Settings for User Entity Instance: uart_RX:inst0|urev:b2v_inst2|restate:inst1
 18. Parameter Settings for User Entity Instance: uart_RX:inst0|urev:b2v_inst2|lpm_counter:inst2
 19. Parameter Settings for User Entity Instance: uart_RX:inst0|urev:b2v_inst2|lpm_shiftreg:inst3
 20. Parameter Settings for User Entity Instance: uart_RX:inst0|urev:b2v_inst2|lpm_counter:inst4
 21. Parameter Settings for User Entity Instance: motor_pwm_v:inst2
 22. Parameter Settings for User Entity Instance: motor_pwm_v:inst2|divider_v:inst1
 23. lpm_shiftreg Parameter Settings by Entity Instance
 24. Port Connectivity Checks: "uart_RX:inst0|urev:b2v_inst2|palshiftreg:inst"
 25. Port Connectivity Checks: "uart_RX:inst0"
 26. Post-Synthesis Netlist Statistics for Top Partition
 27. Elapsed Time Per Partition
 28. Analysis & Synthesis Messages



----------------
; Legal Notice ;
----------------
Copyright (C) 2018  Intel Corporation. All rights reserved.
Your use of Intel Corporation's design tools, logic functions 
and other software and tools, and its AMPP partner logic 
functions, and any output files from any of the foregoing 
(including device programming or simulation files), and any 
associated documentation or information are expressly subject 
to the terms and conditions of the Intel Program License 
Subscription Agreement, the Intel Quartus Prime License Agreement,
the Intel FPGA IP License Agreement, or other applicable license
agreement, including, without limitation, that your use is for
the sole purpose of programming logic devices manufactured by
Intel and sold by Intel or its authorized distributors.  Please
refer to the applicable agreement for further details.



+----------------------------------------------------------------------------------+
; Analysis & Synthesis Summary                                                     ;
+------------------------------------+---------------------------------------------+
; Analysis & Synthesis Status        ; Successful - Tue Nov 12 14:22:24 2019       ;
; Quartus Prime Version              ; 18.1.0 Build 625 09/12/2018 SJ Lite Edition ;
; Revision Name                      ; BT_PWM                                      ;
; Top-level Entity Name              ; BT_PWM                                      ;
; Family                             ; MAX 10                                      ;
; Total logic elements               ; 201                                         ;
;     Total combinational functions  ; 184                                         ;
;     Dedicated logic registers      ; 124                                         ;
; Total registers                    ; 124                                         ;
; Total pins                         ; 13                                          ;
; Total virtual pins                 ; 0                                           ;
; Total memory bits                  ; 0                                           ;
; Embedded Multiplier 9-bit elements ; 0                                           ;
; Total PLLs                         ; 0                                           ;
; UFM blocks                         ; 0                                           ;
; ADC blocks                         ; 0                                           ;
+------------------------------------+---------------------------------------------+


+------------------------------------------------------------------------------------------------------------+
; Analysis & Synthesis Settings                                                                              ;
+------------------------------------------------------------------+--------------------+--------------------+
; Option                                                           ; Setting            ; Default Value      ;
+------------------------------------------------------------------+--------------------+--------------------+
; Device                                                           ; 10M50DAF484C6GES   ;                    ;
; Top-level entity name                                            ; BT_PWM             ; BT_PWM             ;
; Family name                                                      ; MAX 10             ; Cyclone V          ;
; Use smart compilation                                            ; Off                ; Off                ;
; Enable parallel Assembler and Timing Analyzer during compilation ; On                 ; On                 ;
; Enable compact report table                                      ; Off                ; Off                ;
; Restructure Multiplexers                                         ; Auto               ; Auto               ;
; Create Debugging Nodes for IP Cores                              ; Off                ; Off                ;
; Preserve fewer node names                                        ; On                 ; On                 ;
; Intel FPGA IP Evaluation Mode                                    ; Enable             ; Enable             ;
; Verilog Version                                                  ; Verilog_2001       ; Verilog_2001       ;
; VHDL Version                                                     ; VHDL_1993          ; VHDL_1993          ;
; State Machine Processing                                         ; Auto               ; Auto               ;
; Safe State Machine                                               ; Off                ; Off                ;
; Extract Verilog State Machines                                   ; On                 ; On                 ;
; Extract VHDL State Machines                                      ; On                 ; On                 ;
; Ignore Verilog initial constructs                                ; Off                ; Off                ;
; Iteration limit for constant Verilog loops                       ; 5000               ; 5000               ;
; Iteration limit for non-constant Verilog loops                   ; 250                ; 250                ;
; Add Pass-Through Logic to Inferred RAMs                          ; On                 ; On                 ;
; Infer RAMs from Raw Logic                                        ; On                 ; On                 ;
; Parallel Synthesis                                               ; On                 ; On                 ;
; DSP Block Balancing                                              ; Auto               ; Auto               ;
; NOT Gate Push-Back                                               ; On                 ; On                 ;
; Power-Up Don't Care                                              ; On                 ; On                 ;
; Remove Redundant Logic Cells                                     ; Off                ; Off                ;
; Remove Duplicate Registers                                       ; On                 ; On                 ;
; Ignore CARRY Buffers                                             ; Off                ; Off                ;
; Ignore CASCADE Buffers                                           ; Off                ; Off                ;
; Ignore GLOBAL Buffers                                            ; Off                ; Off                ;
; Ignore ROW GLOBAL Buffers                                        ; Off                ; Off                ;
; Ignore LCELL Buffers                                             ; Off                ; Off                ;
; Ignore SOFT Buffers                                              ; On                 ; On                 ;
; Limit AHDL Integers to 32 Bits                                   ; Off                ; Off                ;
; Optimization Technique                                           ; Balanced           ; Balanced           ;
; Carry Chain Length                                               ; 70                 ; 70                 ;
; Auto Carry Chains                                                ; On                 ; On                 ;
; Auto Open-Drain Pins                                             ; On                 ; On                 ;
; Perform WYSIWYG Primitive Resynthesis                            ; Off                ; Off                ;
; Auto ROM Replacement                                             ; On                 ; On                 ;
; Auto RAM Replacement                                             ; On                 ; On                 ;
; Auto DSP Block Replacement                                       ; On                 ; On                 ;
; Auto Shift Register Replacement                                  ; Auto               ; Auto               ;
; Allow Shift Register Merging across Hierarchies                  ; Auto               ; Auto               ;
; Auto Clock Enable Replacement                                    ; On                 ; On                 ;
; Strict RAM Replacement                                           ; Off                ; Off                ;
; Allow Synchronous Control Signals                                ; On                 ; On                 ;
; Force Use of Synchronous Clear Signals                           ; Off                ; Off                ;
; Auto RAM Block Balancing                                         ; On                 ; On                 ;
; Auto RAM to Logic Cell Conversion                                ; Off                ; Off                ;
; Auto Resource Sharing                                            ; Off                ; Off                ;
; Allow Any RAM Size For Recognition                               ; Off                ; Off                ;
; Allow Any ROM Size For Recognition                               ; Off                ; Off                ;
; Allow Any Shift Register Size For Recognition                    ; Off                ; Off                ;
; Use LogicLock Constraints during Resource Balancing              ; On                 ; On                 ;
; Ignore translate_off and synthesis_off directives                ; Off                ; Off                ;
; Timing-Driven Synthesis                                          ; On                 ; On                 ;
; Report Parameter Settings                                        ; On                 ; On                 ;
; Report Source Assignments                                        ; On                 ; On                 ;
; Report Connectivity Checks                                       ; On                 ; On                 ;
; Ignore Maximum Fan-Out Assignments                               ; Off                ; Off                ;
; Synchronization Register Chain Length                            ; 2                  ; 2                  ;
; Power Optimization During Synthesis                              ; Normal compilation ; Normal compilation ;
; HDL message level                                                ; Level2             ; Level2             ;
; Suppress Register Optimization Related Messages                  ; Off                ; Off                ;
; Number of Removed Registers Reported in Synthesis Report         ; 5000               ; 5000               ;
; Number of Swept Nodes Reported in Synthesis Report               ; 5000               ; 5000               ;
; Number of Inverted Registers Reported in Synthesis Report        ; 100                ; 100                ;
; Clock MUX Protection                                             ; On                 ; On                 ;
; Auto Gated Clock Conversion                                      ; Off                ; Off                ;
; Block Design Naming                                              ; Auto               ; Auto               ;
; SDC constraint protection                                        ; Off                ; Off                ;
; Synthesis Effort                                                 ; Auto               ; Auto               ;
; Shift Register Replacement - Allow Asynchronous Clear Signal     ; On                 ; On                 ;
; Pre-Mapping Resynthesis Optimization                             ; Off                ; Off                ;
; Analysis & Synthesis Message Level                               ; Medium             ; Medium             ;
; Disable Register Merging Across Hierarchies                      ; Auto               ; Auto               ;
; Resource Aware Inference For Block RAM                           ; On                 ; On                 ;
+------------------------------------------------------------------+--------------------+--------------------+


+------------------------------------------+
; Parallel Compilation                     ;
+----------------------------+-------------+
; Processors                 ; Number      ;
+----------------------------+-------------+
; Number detected on machine ; 4           ;
; Maximum allowed            ; 2           ;
;                            ;             ;
; Average used               ; 1.00        ;
; Maximum used               ; 2           ;
;                            ;             ;
; Usage by Processor         ; % Time Used ;
;     Processor 1            ; 100.0%      ;
;     Processor 2            ;   0.0%      ;
+----------------------------+-------------+


+-------------------------------------------------------------------------------------------------------------------------------------------------------------------------------------------------------------+
; Analysis & Synthesis Source Files Read                                                                                                                                                                      ;
+----------------------------------+-----------------+------------------------------+---------------------------------------------------------------------------------------------------------------+---------+
; File Name with User-Entered Path ; Used in Netlist ; File Type                    ; File Name with Absolute Path                                                                                  ; Library ;
+----------------------------------+-----------------+------------------------------+---------------------------------------------------------------------------------------------------------------+---------+
; sources/urev.v                   ; yes             ; User Verilog HDL File        ; C:/Users/Student/Documents/Embedded_Systems/Lab_12/Part_1/Bluetooth Cart By Liu/sources/urev.v                ;         ;
; sources/uart_RX.v                ; yes             ; User Verilog HDL File        ; C:/Users/Student/Documents/Embedded_Systems/Lab_12/Part_1/Bluetooth Cart By Liu/sources/uart_RX.v             ;         ;
; sources/restate.v                ; yes             ; User Verilog HDL File        ; C:/Users/Student/Documents/Embedded_Systems/Lab_12/Part_1/Bluetooth Cart By Liu/sources/restate.v             ;         ;
; sources/palshiftreg.v            ; yes             ; User Verilog HDL File        ; C:/Users/Student/Documents/Embedded_Systems/Lab_12/Part_1/Bluetooth Cart By Liu/sources/palshiftreg.v         ;         ;
; sources/motor_pwm_v.v            ; yes             ; User Verilog HDL File        ; C:/Users/Student/Documents/Embedded_Systems/Lab_12/Part_1/Bluetooth Cart By Liu/sources/motor_pwm_v.v         ;         ;
; sources/mobile_control_cart.v    ; yes             ; User Verilog HDL File        ; C:/Users/Student/Documents/Embedded_Systems/Lab_12/Part_1/Bluetooth Cart By Liu/sources/mobile_control_cart.v ;         ;
; sources/LOAD_R.v                 ; yes             ; User Verilog HDL File        ; C:/Users/Student/Documents/Embedded_Systems/Lab_12/Part_1/Bluetooth Cart By Liu/sources/LOAD_R.v              ;         ;
; sources/divider_v.v              ; yes             ; User Verilog HDL File        ; C:/Users/Student/Documents/Embedded_Systems/Lab_12/Part_1/Bluetooth Cart By Liu/sources/divider_v.v           ;         ;
; sources/baudrate.v               ; yes             ; User Verilog HDL File        ; C:/Users/Student/Documents/Embedded_Systems/Lab_12/Part_1/Bluetooth Cart By Liu/sources/baudrate.v            ;         ;
; sources/action_code.v            ; yes             ; User Verilog HDL File        ; C:/Users/Student/Documents/Embedded_Systems/Lab_12/Part_1/Bluetooth Cart By Liu/sources/action_code.v         ;         ;
; lpm_counter.tdf                  ; yes             ; Megafunction                 ; c:/intelfpga_lite/18.1/quartus/libraries/megafunctions/lpm_counter.tdf                                        ;         ;
; lpm_constant.inc                 ; yes             ; Megafunction                 ; c:/intelfpga_lite/18.1/quartus/libraries/megafunctions/lpm_constant.inc                                       ;         ;
; lpm_decode.inc                   ; yes             ; Megafunction                 ; c:/intelfpga_lite/18.1/quartus/libraries/megafunctions/lpm_decode.inc                                         ;         ;
; lpm_add_sub.inc                  ; yes             ; Megafunction                 ; c:/intelfpga_lite/18.1/quartus/libraries/megafunctions/lpm_add_sub.inc                                        ;         ;
; cmpconst.inc                     ; yes             ; Megafunction                 ; c:/intelfpga_lite/18.1/quartus/libraries/megafunctions/cmpconst.inc                                           ;         ;
; lpm_compare.inc                  ; yes             ; Megafunction                 ; c:/intelfpga_lite/18.1/quartus/libraries/megafunctions/lpm_compare.inc                                        ;         ;
; lpm_counter.inc                  ; yes             ; Megafunction                 ; c:/intelfpga_lite/18.1/quartus/libraries/megafunctions/lpm_counter.inc                                        ;         ;
; dffeea.inc                       ; yes             ; Megafunction                 ; c:/intelfpga_lite/18.1/quartus/libraries/megafunctions/dffeea.inc                                             ;         ;
; alt_counter_stratix.inc          ; yes             ; Megafunction                 ; c:/intelfpga_lite/18.1/quartus/libraries/megafunctions/alt_counter_stratix.inc                                ;         ;
; aglobal181.inc                   ; yes             ; Megafunction                 ; c:/intelfpga_lite/18.1/quartus/libraries/megafunctions/aglobal181.inc                                         ;         ;
; db/cntr_dli.tdf                  ; yes             ; Auto-Generated Megafunction  ; C:/Users/Student/Documents/Embedded_Systems/Lab_12/Part_1/Bluetooth Cart By Liu/db/cntr_dli.tdf               ;         ;
; lpm_shiftreg.tdf                 ; yes             ; Megafunction                 ; c:/intelfpga_lite/18.1/quartus/libraries/megafunctions/lpm_shiftreg.tdf                                       ;         ;
; db/cntr_l0i.tdf                  ; yes             ; Auto-Generated Megafunction  ; C:/Users/Student/Documents/Embedded_Systems/Lab_12/Part_1/Bluetooth Cart By Liu/db/cntr_l0i.tdf               ;         ;
+----------------------------------+-----------------+------------------------------+---------------------------------------------------------------------------------------------------------------+---------+


+-------------------------------------------------------------+
; Analysis & Synthesis Resource Usage Summary                 ;
+---------------------------------------------+---------------+
; Resource                                    ; Usage         ;
+---------------------------------------------+---------------+
; Estimated Total logic elements              ; 201           ;
;                                             ;               ;
; Total combinational functions               ; 184           ;
; Logic element usage by number of LUT inputs ;               ;
;     -- 4 input functions                    ; 60            ;
;     -- 3 input functions                    ; 10            ;
;     -- <=2 input functions                  ; 114           ;
;                                             ;               ;
; Logic elements by mode                      ;               ;
;     -- normal mode                          ; 91            ;
;     -- arithmetic mode                      ; 93            ;
;                                             ;               ;
; Total registers                             ; 124           ;
;     -- Dedicated logic registers            ; 124           ;
;     -- I/O registers                        ; 0             ;
;                                             ;               ;
; I/O pins                                    ; 13            ;
;                                             ;               ;
; Embedded Multiplier 9-bit elements          ; 0             ;
;                                             ;               ;
; Maximum fan-out node                        ; reset_n~input ;
; Maximum fan-out                             ; 88            ;
; Total fan-out                               ; 881           ;
; Average fan-out                             ; 2.64          ;
+---------------------------------------------+---------------+


+-----------------------------------------------------------------------------------------------------------------------------------------------------------------------------------------------------------------------------------------------------------------------------------------------------------+
; Analysis & Synthesis Resource Utilization by Entity                                                                                                                                                                                                                                                       ;
+---------------------------------------+---------------------+---------------------------+-------------+------------+--------------+---------+-----------+------+--------------+------------+--------------------------------------------------------------------------------+--------------+--------------+
; Compilation Hierarchy Node            ; Combinational ALUTs ; Dedicated Logic Registers ; Memory Bits ; UFM Blocks ; DSP Elements ; DSP 9x9 ; DSP 18x18 ; Pins ; Virtual Pins ; ADC blocks ; Full Hierarchy Name                                                            ; Entity Name  ; Library Name ;
+---------------------------------------+---------------------+---------------------------+-------------+------------+--------------+---------+-----------+------+--------------+------------+--------------------------------------------------------------------------------+--------------+--------------+
; |BT_PWM                               ; 184 (1)             ; 124 (0)                   ; 0           ; 0          ; 0            ; 0       ; 0         ; 13   ; 0            ; 0          ; |BT_PWM                                                                        ; BT_PWM       ; work         ;
;    |motor_pwm_v:inst2|                ; 120 (70)            ; 65 (32)                   ; 0           ; 0          ; 0            ; 0       ; 0         ; 0    ; 0            ; 0          ; |BT_PWM|motor_pwm_v:inst2                                                      ; motor_pwm_v  ; work         ;
;       |divider_v:inst1|               ; 50 (50)             ; 33 (33)                   ; 0           ; 0          ; 0            ; 0       ; 0         ; 0    ; 0            ; 0          ; |BT_PWM|motor_pwm_v:inst2|divider_v:inst1                                      ; divider_v    ; work         ;
;    |uart_RX:inst0|                    ; 63 (0)              ; 59 (0)                    ; 0           ; 0          ; 0            ; 0       ; 0         ; 0    ; 0            ; 0          ; |BT_PWM|uart_RX:inst0                                                          ; uart_RX      ; work         ;
;       |LOAD_R:b2v_inst3|              ; 0 (0)               ; 8 (8)                     ; 0           ; 0          ; 0            ; 0       ; 0         ; 0    ; 0            ; 0          ; |BT_PWM|uart_RX:inst0|LOAD_R:b2v_inst3                                         ; LOAD_R       ; work         ;
;       |baudrate:b2v_inst|             ; 40 (40)             ; 28 (28)                   ; 0           ; 0          ; 0            ; 0       ; 0         ; 0    ; 0            ; 0          ; |BT_PWM|uart_RX:inst0|baudrate:b2v_inst                                        ; baudrate     ; work         ;
;       |urev:b2v_inst2|                ; 23 (0)              ; 23 (1)                    ; 0           ; 0          ; 0            ; 0       ; 0         ; 0    ; 0            ; 0          ; |BT_PWM|uart_RX:inst0|urev:b2v_inst2                                           ; urev         ; work         ;
;          |lpm_counter:inst2|          ; 5 (0)               ; 4 (0)                     ; 0           ; 0          ; 0            ; 0       ; 0         ; 0    ; 0            ; 0          ; |BT_PWM|uart_RX:inst0|urev:b2v_inst2|lpm_counter:inst2                         ; lpm_counter  ; work         ;
;             |cntr_dli:auto_generated| ; 5 (5)               ; 4 (4)                     ; 0           ; 0          ; 0            ; 0       ; 0         ; 0    ; 0            ; 0          ; |BT_PWM|uart_RX:inst0|urev:b2v_inst2|lpm_counter:inst2|cntr_dli:auto_generated ; cntr_dli     ; work         ;
;          |lpm_counter:inst4|          ; 3 (0)               ; 3 (0)                     ; 0           ; 0          ; 0            ; 0       ; 0         ; 0    ; 0            ; 0          ; |BT_PWM|uart_RX:inst0|urev:b2v_inst2|lpm_counter:inst4                         ; lpm_counter  ; work         ;
;             |cntr_l0i:auto_generated| ; 3 (3)               ; 3 (3)                     ; 0           ; 0          ; 0            ; 0       ; 0         ; 0    ; 0            ; 0          ; |BT_PWM|uart_RX:inst0|urev:b2v_inst2|lpm_counter:inst4|cntr_l0i:auto_generated ; cntr_l0i     ; work         ;
;          |lpm_shiftreg:inst3|         ; 1 (1)               ; 2 (2)                     ; 0           ; 0          ; 0            ; 0       ; 0         ; 0    ; 0            ; 0          ; |BT_PWM|uart_RX:inst0|urev:b2v_inst2|lpm_shiftreg:inst3                        ; lpm_shiftreg ; work         ;
;          |palshiftreg:inst|           ; 1 (1)               ; 8 (8)                     ; 0           ; 0          ; 0            ; 0       ; 0         ; 0    ; 0            ; 0          ; |BT_PWM|uart_RX:inst0|urev:b2v_inst2|palshiftreg:inst                          ; palshiftreg  ; work         ;
;          |restate:inst1|              ; 13 (13)             ; 5 (5)                     ; 0           ; 0          ; 0            ; 0       ; 0         ; 0    ; 0            ; 0          ; |BT_PWM|uart_RX:inst0|urev:b2v_inst2|restate:inst1                             ; restate      ; work         ;
+---------------------------------------+---------------------+---------------------------+-------------+------------+--------------+---------+-----------+------+--------------+------------+--------------------------------------------------------------------------------+--------------+--------------+
Note: For table entries with two numbers listed, the numbers in parentheses indicate the number of resources of the given type used by the specific entity alone. The numbers listed outside of parentheses indicate the total resources of the given type used by the specific entity and all of its sub-entities in the hierarchy.


Encoding Type:  One-Hot
+------------------------------------------------------------------------------------------------+
; State Machine - |BT_PWM|uart_RX:inst0|urev:b2v_inst2|restate:inst1|state                       ;
+----------------+--------------+----------------+--------------+----------------+---------------+
; Name           ; state.r_STOP ; state.r_SAMPLE ; state.r_WAIT ; state.r_CENTER ; state.r_START ;
+----------------+--------------+----------------+--------------+----------------+---------------+
; state.r_START  ; 0            ; 0              ; 0            ; 0              ; 0             ;
; state.r_CENTER ; 0            ; 0              ; 0            ; 1              ; 1             ;
; state.r_WAIT   ; 0            ; 0              ; 1            ; 0              ; 1             ;
; state.r_SAMPLE ; 0            ; 1              ; 0            ; 0              ; 1             ;
; state.r_STOP   ; 1            ; 0              ; 0            ; 0              ; 1             ;
+----------------+--------------+----------------+--------------+----------------+---------------+


+-------------------------------------------------------------------------+
; Registers Removed During Synthesis                                      ;
+----------------------------------------------------+--------------------+
; Register name                                      ; Reason for Removal ;
+----------------------------------------------------+--------------------+
; uart_RX:inst0|urev:b2v_inst2|restate:inst1|state~4 ; Lost fanout        ;
; uart_RX:inst0|urev:b2v_inst2|restate:inst1|state~5 ; Lost fanout        ;
; uart_RX:inst0|urev:b2v_inst2|restate:inst1|state~6 ; Lost fanout        ;
; Total Number of Removed Registers = 3              ;                    ;
+----------------------------------------------------+--------------------+


+------------------------------------------------------+
; General Register Statistics                          ;
+----------------------------------------------+-------+
; Statistic                                    ; Value ;
+----------------------------------------------+-------+
; Total registers                              ; 124   ;
; Number of registers using Synchronous Clear  ; 0     ;
; Number of registers using Synchronous Load   ; 7     ;
; Number of registers using Asynchronous Clear ; 88    ;
; Number of registers using Asynchronous Load  ; 0     ;
; Number of registers using Clock Enable       ; 20    ;
; Number of registers using Preset             ; 0     ;
+----------------------------------------------+-------+


+-------------------------------------------------------------------+
; Inverted Register Statistics                                      ;
+---------------------------------------------------------+---------+
; Inverted Register                                       ; Fan out ;
+---------------------------------------------------------+---------+
; motor_pwm_v:inst2|period[0]                             ; 4       ;
; uart_RX:inst0|urev:b2v_inst2|lpm_shiftreg:inst3|dffs[0] ; 6       ;
; uart_RX:inst0|urev:b2v_inst2|lpm_shiftreg:inst3|dffs[1] ; 1       ;
; Total number of inverted registers = 3                  ;         ;
+---------------------------------------------------------+---------+


+--------------------------------------------------------------------------------------------------------------------------------------------------------------------------------------+
; Multiplexer Restructuring Statistics (Restructuring Performed)                                                                                                                       ;
+--------------------+-----------+---------------+----------------------+------------------------+------------+------------------------------------------------------------------------+
; Multiplexer Inputs ; Bus Width ; Baseline Area ; Area if Restructured ; Saving if Restructured ; Registered ; Example Multiplexer Output                                             ;
+--------------------+-----------+---------------+----------------------+------------------------+------------+------------------------------------------------------------------------+
; 3:1                ; 2 bits    ; 4 LEs         ; 2 LEs                ; 2 LEs                  ; No         ; |BT_PWM|uart_RX:inst0|urev:b2v_inst2|restate:inst1|next_state.r_SAMPLE ;
+--------------------+-----------+---------------+----------------------+------------------------+------------+------------------------------------------------------------------------+


+------------------------------------------------------------------------+
; Parameter Settings for User Entity Instance: Top-level Entity: |BT_PWM ;
+----------------+-------+-----------------------------------------------+
; Parameter Name ; Value ; Type                                          ;
+----------------+-------+-----------------------------------------------+
; divvalue       ; 325   ; Signed Integer                                ;
+----------------+-------+-----------------------------------------------+
Note: In order to hide this table in the UI and the text report file, please set the "Show Parameter Settings in Synthesis Report" option in "Analysis and Synthesis Settings -> More Settings" to "Off".


+------------------------------------------------------------+
; Parameter Settings for User Entity Instance: uart_RX:inst0 ;
+----------------+-------+-----------------------------------+
; Parameter Name ; Value ; Type                              ;
+----------------+-------+-----------------------------------+
; divvalue       ; 325   ; Signed Integer                    ;
+----------------+-------+-----------------------------------+
Note: In order to hide this table in the UI and the text report file, please set the "Show Parameter Settings in Synthesis Report" option in "Analysis and Synthesis Settings -> More Settings" to "Off".


+------------------------------------------------------------------------------+
; Parameter Settings for User Entity Instance: uart_RX:inst0|baudrate:b2v_inst ;
+----------------+-------+-----------------------------------------------------+
; Parameter Name ; Value ; Type                                                ;
+----------------+-------+-----------------------------------------------------+
; divvalue       ; 325   ; Signed Integer                                      ;
+----------------+-------+-----------------------------------------------------+
Note: In order to hide this table in the UI and the text report file, please set the "Show Parameter Settings in Synthesis Report" option in "Analysis and Synthesis Settings -> More Settings" to "Off".


+--------------------------------------------------------------------------------------------+
; Parameter Settings for User Entity Instance: uart_RX:inst0|urev:b2v_inst2|palshiftreg:inst ;
+----------------+-------+-------------------------------------------------------------------+
; Parameter Name ; Value ; Type                                                              ;
+----------------+-------+-------------------------------------------------------------------+
; width          ; 8     ; Signed Integer                                                    ;
+----------------+-------+-------------------------------------------------------------------+
Note: In order to hide this table in the UI and the text report file, please set the "Show Parameter Settings in Synthesis Report" option in "Analysis and Synthesis Settings -> More Settings" to "Off".


+-----------------------------------------------------------------------------------------+
; Parameter Settings for User Entity Instance: uart_RX:inst0|urev:b2v_inst2|restate:inst1 ;
+----------------+-------+----------------------------------------------------------------+
; Parameter Name ; Value ; Type                                                           ;
+----------------+-------+----------------------------------------------------------------+
; r_START        ; 001   ; Unsigned Binary                                                ;
; r_CENTER       ; 010   ; Unsigned Binary                                                ;
; r_WAIT         ; 011   ; Unsigned Binary                                                ;
; r_SAMPLE       ; 100   ; Unsigned Binary                                                ;
; r_STOP         ; 101   ; Unsigned Binary                                                ;
; WORD_LEN       ; 8     ; Signed Integer                                                 ;
+----------------+-------+----------------------------------------------------------------+
Note: In order to hide this table in the UI and the text report file, please set the "Show Parameter Settings in Synthesis Report" option in "Analysis and Synthesis Settings -> More Settings" to "Off".


+---------------------------------------------------------------------------------------------+
; Parameter Settings for User Entity Instance: uart_RX:inst0|urev:b2v_inst2|lpm_counter:inst2 ;
+------------------------+-------------------+------------------------------------------------+
; Parameter Name         ; Value             ; Type                                           ;
+------------------------+-------------------+------------------------------------------------+
; AUTO_CARRY_CHAINS      ; ON                ; AUTO_CARRY                                     ;
; IGNORE_CARRY_BUFFERS   ; OFF               ; IGNORE_CARRY                                   ;
; AUTO_CASCADE_CHAINS    ; ON                ; AUTO_CASCADE                                   ;
; IGNORE_CASCADE_BUFFERS ; OFF               ; IGNORE_CASCADE                                 ;
; LPM_WIDTH              ; 4                 ; Signed Integer                                 ;
; LPM_DIRECTION          ; UP                ; Untyped                                        ;
; LPM_MODULUS            ; 0                 ; Untyped                                        ;
; LPM_AVALUE             ; UNUSED            ; Untyped                                        ;
; LPM_SVALUE             ; UNUSED            ; Untyped                                        ;
; LPM_PORT_UPDOWN        ; PORT_CONNECTIVITY ; Untyped                                        ;
; DEVICE_FAMILY          ; MAX 10            ; Untyped                                        ;
; CARRY_CHAIN            ; MANUAL            ; Untyped                                        ;
; CARRY_CHAIN_LENGTH     ; 48                ; CARRY_CHAIN_LENGTH                             ;
; NOT_GATE_PUSH_BACK     ; ON                ; NOT_GATE_PUSH_BACK                             ;
; CARRY_CNT_EN           ; SMART             ; Untyped                                        ;
; LABWIDE_SCLR           ; ON                ; Untyped                                        ;
; USE_NEW_VERSION        ; TRUE              ; Untyped                                        ;
; CBXI_PARAMETER         ; cntr_dli          ; Untyped                                        ;
+------------------------+-------------------+------------------------------------------------+
Note: In order to hide this table in the UI and the text report file, please set the "Show Parameter Settings in Synthesis Report" option in "Analysis and Synthesis Settings -> More Settings" to "Off".


+----------------------------------------------------------------------------------------------+
; Parameter Settings for User Entity Instance: uart_RX:inst0|urev:b2v_inst2|lpm_shiftreg:inst3 ;
+------------------------+--------+------------------------------------------------------------+
; Parameter Name         ; Value  ; Type                                                       ;
+------------------------+--------+------------------------------------------------------------+
; LPM_WIDTH              ; 2      ; Signed Integer                                             ;
; LPM_DIRECTION          ; RIGHT  ; Untyped                                                    ;
; LPM_AVALUE             ; UNUSED ; Untyped                                                    ;
; LPM_SVALUE             ; UNUSED ; Untyped                                                    ;
; DEVICE_FAMILY          ; MAX 10 ; Untyped                                                    ;
; AUTO_CARRY_CHAINS      ; ON     ; AUTO_CARRY                                                 ;
; IGNORE_CARRY_BUFFERS   ; OFF    ; IGNORE_CARRY                                               ;
; AUTO_CASCADE_CHAINS    ; ON     ; AUTO_CASCADE                                               ;
; IGNORE_CASCADE_BUFFERS ; OFF    ; IGNORE_CASCADE                                             ;
+------------------------+--------+------------------------------------------------------------+
Note: In order to hide this table in the UI and the text report file, please set the "Show Parameter Settings in Synthesis Report" option in "Analysis and Synthesis Settings -> More Settings" to "Off".


+---------------------------------------------------------------------------------------------+
; Parameter Settings for User Entity Instance: uart_RX:inst0|urev:b2v_inst2|lpm_counter:inst4 ;
+------------------------+-------------------+------------------------------------------------+
; Parameter Name         ; Value             ; Type                                           ;
+------------------------+-------------------+------------------------------------------------+
; AUTO_CARRY_CHAINS      ; ON                ; AUTO_CARRY                                     ;
; IGNORE_CARRY_BUFFERS   ; OFF               ; IGNORE_CARRY                                   ;
; AUTO_CASCADE_CHAINS    ; ON                ; AUTO_CASCADE                                   ;
; IGNORE_CASCADE_BUFFERS ; OFF               ; IGNORE_CASCADE                                 ;
; LPM_WIDTH              ; 3                 ; Signed Integer                                 ;
; LPM_DIRECTION          ; UP                ; Untyped                                        ;
; LPM_MODULUS            ; 0                 ; Untyped                                        ;
; LPM_AVALUE             ; UNUSED            ; Untyped                                        ;
; LPM_SVALUE             ; UNUSED            ; Untyped                                        ;
; LPM_PORT_UPDOWN        ; PORT_CONNECTIVITY ; Untyped                                        ;
; DEVICE_FAMILY          ; MAX 10            ; Untyped                                        ;
; CARRY_CHAIN            ; MANUAL            ; Untyped                                        ;
; CARRY_CHAIN_LENGTH     ; 48                ; CARRY_CHAIN_LENGTH                             ;
; NOT_GATE_PUSH_BACK     ; ON                ; NOT_GATE_PUSH_BACK                             ;
; CARRY_CNT_EN           ; SMART             ; Untyped                                        ;
; LABWIDE_SCLR           ; ON                ; Untyped                                        ;
; USE_NEW_VERSION        ; TRUE              ; Untyped                                        ;
; CBXI_PARAMETER         ; cntr_l0i          ; Untyped                                        ;
+------------------------+-------------------+------------------------------------------------+
Note: In order to hide this table in the UI and the text report file, please set the "Show Parameter Settings in Synthesis Report" option in "Analysis and Synthesis Settings -> More Settings" to "Off".


+----------------------------------------------------------------+
; Parameter Settings for User Entity Instance: motor_pwm_v:inst2 ;
+----------------+-------+---------------------------------------+
; Parameter Name ; Value ; Type                                  ;
+----------------+-------+---------------------------------------+
; period_width   ; 2000  ; Signed Integer                        ;
+----------------+-------+---------------------------------------+
Note: In order to hide this table in the UI and the text report file, please set the "Show Parameter Settings in Synthesis Report" option in "Analysis and Synthesis Settings -> More Settings" to "Off".


+--------------------------------------------------------------------------------+
; Parameter Settings for User Entity Instance: motor_pwm_v:inst2|divider_v:inst1 ;
+----------------+-------+-------------------------------------------------------+
; Parameter Name ; Value ; Type                                                  ;
+----------------+-------+-------------------------------------------------------+
; divisor        ; 500   ; Signed Integer                                        ;
; divisor2       ; 250   ; Signed Integer                                        ;
+----------------+-------+-------------------------------------------------------+
Note: In order to hide this table in the UI and the text report file, please set the "Show Parameter Settings in Synthesis Report" option in "Analysis and Synthesis Settings -> More Settings" to "Off".


+------------------------------------------------------------------------------+
; lpm_shiftreg Parameter Settings by Entity Instance                           ;
+----------------------------+-------------------------------------------------+
; Name                       ; Value                                           ;
+----------------------------+-------------------------------------------------+
; Number of entity instances ; 1                                               ;
; Entity Instance            ; uart_RX:inst0|urev:b2v_inst2|lpm_shiftreg:inst3 ;
;     -- LPM_WIDTH           ; 2                                               ;
;     -- LPM_DIRECTION       ; RIGHT                                           ;
+----------------------------+-------------------------------------------------+


+------------------------------------------------------------------------------------------------------------------------------------------------------------------------+
; Port Connectivity Checks: "uart_RX:inst0|urev:b2v_inst2|palshiftreg:inst"                                                                                              ;
+------+-------+----------+----------------------------------------------------------------------------------------------------------------------------------------------+
; Port ; Type  ; Severity ; Details                                                                                                                                      ;
+------+-------+----------+----------------------------------------------------------------------------------------------------------------------------------------------+
; Ldn  ; Input ; Info     ; Stuck at GND                                                                                                                                 ;
; D    ; Input ; Warning  ; Declared by entity but not connected by instance. If a default value exists, it will be used.  Otherwise, the port will be connected to GND. ;
+------+-------+----------+----------------------------------------------------------------------------------------------------------------------------------------------+


+----------------------------------------------------------------------------------------------------------------------------------------+
; Port Connectivity Checks: "uart_RX:inst0"                                                                                              ;
+---------+--------+----------+----------------------------------------------------------------------------------------------------------+
; Port    ; Type   ; Severity ; Details                                                                                                  ;
+---------+--------+----------+----------------------------------------------------------------------------------------------------------+
; rdready ; Output ; Warning  ; Declared by entity but not connected by instance. Logic that only feeds a dangling port will be removed. ;
+---------+--------+----------+----------------------------------------------------------------------------------------------------------+


+-----------------------------------------------------+
; Post-Synthesis Netlist Statistics for Top Partition ;
+-----------------------+-----------------------------+
; Type                  ; Count                       ;
+-----------------------+-----------------------------+
; boundary_port         ; 13                          ;
; cycloneiii_ff         ; 124                         ;
;     CLR               ; 73                          ;
;     CLR SLD           ; 3                           ;
;     ENA               ; 8                           ;
;     ENA CLR           ; 8                           ;
;     ENA CLR SLD       ; 4                           ;
;     plain             ; 28                          ;
; cycloneiii_lcell_comb ; 186                         ;
;     arith             ; 93                          ;
;         2 data inputs ; 93                          ;
;     normal            ; 93                          ;
;         0 data inputs ; 1                           ;
;         1 data inputs ; 10                          ;
;         2 data inputs ; 12                          ;
;         3 data inputs ; 10                          ;
;         4 data inputs ; 60                          ;
;                       ;                             ;
; Max LUT depth         ; 8.00                        ;
; Average LUT depth     ; 3.50                        ;
+-----------------------+-----------------------------+


+-------------------------------+
; Elapsed Time Per Partition    ;
+----------------+--------------+
; Partition Name ; Elapsed Time ;
+----------------+--------------+
; Top            ; 00:00:00     ;
+----------------+--------------+


+-------------------------------+
; Analysis & Synthesis Messages ;
+-------------------------------+
Info: *******************************************************************
Info: Running Quartus Prime Analysis & Synthesis
    Info: Version 18.1.0 Build 625 09/12/2018 SJ Lite Edition
    Info: Processing started: Tue Nov 12 14:22:10 2019
Info: Command: quartus_map --read_settings_files=on --write_settings_files=off BT_PWM -c BT_PWM
Warning (18236): Number of processors has not been specified which may cause overloading on shared machines.  Set the global assignment NUM_PARALLEL_PROCESSORS in your QSF to an appropriate value for best performance.
Info (20030): Parallel compilation is enabled and will use 2 of the 2 processors detected
Info (12021): Found 1 design units, including 1 entities, in source file sources/urev.v
    Info (12023): Found entity 1: urev File: C:/Users/Student/Documents/Embedded_Systems/Lab_12/Part_1/Bluetooth Cart By Liu/sources/urev.v Line: 10
Info (12021): Found 1 design units, including 1 entities, in source file sources/uart_rx.v
    Info (12023): Found entity 1: uart_RX File: C:/Users/Student/Documents/Embedded_Systems/Lab_12/Part_1/Bluetooth Cart By Liu/sources/uart_RX.v Line: 3
Info (12021): Found 1 design units, including 1 entities, in source file sources/restate.v
    Info (12023): Found entity 1: restate File: C:/Users/Student/Documents/Embedded_Systems/Lab_12/Part_1/Bluetooth Cart By Liu/sources/restate.v Line: 1
Info (12021): Found 1 design units, including 1 entities, in source file sources/palshiftreg.v
    Info (12023): Found entity 1: palshiftreg File: C:/Users/Student/Documents/Embedded_Systems/Lab_12/Part_1/Bluetooth Cart By Liu/sources/palshiftreg.v Line: 1
Info (12021): Found 1 design units, including 1 entities, in source file sources/motor_pwm_v.v
    Info (12023): Found entity 1: motor_pwm_v File: C:/Users/Student/Documents/Embedded_Systems/Lab_12/Part_1/Bluetooth Cart By Liu/sources/motor_pwm_v.v Line: 3
Info (12021): Found 1 design units, including 1 entities, in source file sources/mobile_control_cart.v
    Info (12023): Found entity 1: BT_PWM File: C:/Users/Student/Documents/Embedded_Systems/Lab_12/Part_1/Bluetooth Cart By Liu/sources/mobile_control_cart.v Line: 4
Info (12021): Found 1 design units, including 1 entities, in source file sources/load_r.v
    Info (12023): Found entity 1: LOAD_R File: C:/Users/Student/Documents/Embedded_Systems/Lab_12/Part_1/Bluetooth Cart By Liu/sources/LOAD_R.v Line: 7
Info (12021): Found 1 design units, including 1 entities, in source file sources/divider_v.v
    Info (12023): Found entity 1: divider_v File: C:/Users/Student/Documents/Embedded_Systems/Lab_12/Part_1/Bluetooth Cart By Liu/sources/divider_v.v Line: 1
Info (12021): Found 1 design units, including 1 entities, in source file sources/baudrate.v
    Info (12023): Found entity 1: baudrate File: C:/Users/Student/Documents/Embedded_Systems/Lab_12/Part_1/Bluetooth Cart By Liu/sources/baudrate.v Line: 6
Info (12021): Found 1 design units, including 1 entities, in source file sources/action_code.v
    Info (12023): Found entity 1: action_code File: C:/Users/Student/Documents/Embedded_Systems/Lab_12/Part_1/Bluetooth Cart By Liu/sources/action_code.v Line: 1
Info (12127): Elaborating entity "BT_PWM" for the top level hierarchy
Info (12128): Elaborating entity "uart_RX" for hierarchy "uart_RX:inst0" File: C:/Users/Student/Documents/Embedded_Systems/Lab_12/Part_1/Bluetooth Cart By Liu/sources/mobile_control_cart.v Line: 16
Info (12128): Elaborating entity "baudrate" for hierarchy "uart_RX:inst0|baudrate:b2v_inst" File: C:/Users/Student/Documents/Embedded_Systems/Lab_12/Part_1/Bluetooth Cart By Liu/sources/uart_RX.v Line: 19
Warning (10230): Verilog HDL assignment warning at baudrate.v(31): truncated value with size 32 to match size of target (27) File: C:/Users/Student/Documents/Embedded_Systems/Lab_12/Part_1/Bluetooth Cart By Liu/sources/baudrate.v Line: 31
Info (12128): Elaborating entity "urev" for hierarchy "uart_RX:inst0|urev:b2v_inst2" File: C:/Users/Student/Documents/Embedded_Systems/Lab_12/Part_1/Bluetooth Cart By Liu/sources/uart_RX.v Line: 23
Info (12128): Elaborating entity "palshiftreg" for hierarchy "uart_RX:inst0|urev:b2v_inst2|palshiftreg:inst" File: C:/Users/Student/Documents/Embedded_Systems/Lab_12/Part_1/Bluetooth Cart By Liu/sources/urev.v Line: 20
Info (12128): Elaborating entity "restate" for hierarchy "uart_RX:inst0|urev:b2v_inst2|restate:inst1" File: C:/Users/Student/Documents/Embedded_Systems/Lab_12/Part_1/Bluetooth Cart By Liu/sources/urev.v Line: 28
Info (12128): Elaborating entity "lpm_counter" for hierarchy "uart_RX:inst0|urev:b2v_inst2|lpm_counter:inst2" File: C:/Users/Student/Documents/Embedded_Systems/Lab_12/Part_1/Bluetooth Cart By Liu/sources/urev.v Line: 31
Info (12130): Elaborated megafunction instantiation "uart_RX:inst0|urev:b2v_inst2|lpm_counter:inst2" File: C:/Users/Student/Documents/Embedded_Systems/Lab_12/Part_1/Bluetooth Cart By Liu/sources/urev.v Line: 31
Info (12133): Instantiated megafunction "uart_RX:inst0|urev:b2v_inst2|lpm_counter:inst2" with the following parameter: File: C:/Users/Student/Documents/Embedded_Systems/Lab_12/Part_1/Bluetooth Cart By Liu/sources/urev.v Line: 31
    Info (12134): Parameter "lpm_width" = "4"
    Info (12134): Parameter "lpm_type" = "LPM_COUNTER"
    Info (12134): Parameter "lpm_direction" = "UP"
Info (12021): Found 1 design units, including 1 entities, in source file db/cntr_dli.tdf
    Info (12023): Found entity 1: cntr_dli File: C:/Users/Student/Documents/Embedded_Systems/Lab_12/Part_1/Bluetooth Cart By Liu/db/cntr_dli.tdf Line: 25
Info (12128): Elaborating entity "cntr_dli" for hierarchy "uart_RX:inst0|urev:b2v_inst2|lpm_counter:inst2|cntr_dli:auto_generated" File: c:/intelfpga_lite/18.1/quartus/libraries/megafunctions/lpm_counter.tdf Line: 258
Info (12128): Elaborating entity "lpm_shiftreg" for hierarchy "uart_RX:inst0|urev:b2v_inst2|lpm_shiftreg:inst3" File: C:/Users/Student/Documents/Embedded_Systems/Lab_12/Part_1/Bluetooth Cart By Liu/sources/urev.v Line: 36
Info (12130): Elaborated megafunction instantiation "uart_RX:inst0|urev:b2v_inst2|lpm_shiftreg:inst3" File: C:/Users/Student/Documents/Embedded_Systems/Lab_12/Part_1/Bluetooth Cart By Liu/sources/urev.v Line: 36
Info (12133): Instantiated megafunction "uart_RX:inst0|urev:b2v_inst2|lpm_shiftreg:inst3" with the following parameter: File: C:/Users/Student/Documents/Embedded_Systems/Lab_12/Part_1/Bluetooth Cart By Liu/sources/urev.v Line: 36
    Info (12134): Parameter "lpm_type" = "LPM_SHIFTREG"
    Info (12134): Parameter "lpm_width" = "2"
    Info (12134): Parameter "lpm_direction" = "RIGHT"
Info (12128): Elaborating entity "lpm_counter" for hierarchy "uart_RX:inst0|urev:b2v_inst2|lpm_counter:inst4" File: C:/Users/Student/Documents/Embedded_Systems/Lab_12/Part_1/Bluetooth Cart By Liu/sources/urev.v Line: 42
Info (12130): Elaborated megafunction instantiation "uart_RX:inst0|urev:b2v_inst2|lpm_counter:inst4" File: C:/Users/Student/Documents/Embedded_Systems/Lab_12/Part_1/Bluetooth Cart By Liu/sources/urev.v Line: 42
Info (12133): Instantiated megafunction "uart_RX:inst0|urev:b2v_inst2|lpm_counter:inst4" with the following parameter: File: C:/Users/Student/Documents/Embedded_Systems/Lab_12/Part_1/Bluetooth Cart By Liu/sources/urev.v Line: 42
    Info (12134): Parameter "lpm_width" = "3"
    Info (12134): Parameter "lpm_type" = "LPM_COUNTER"
    Info (12134): Parameter "lpm_direction" = "UP"
Info (12021): Found 1 design units, including 1 entities, in source file db/cntr_l0i.tdf
    Info (12023): Found entity 1: cntr_l0i File: C:/Users/Student/Documents/Embedded_Systems/Lab_12/Part_1/Bluetooth Cart By Liu/db/cntr_l0i.tdf Line: 25
Info (12128): Elaborating entity "cntr_l0i" for hierarchy "uart_RX:inst0|urev:b2v_inst2|lpm_counter:inst4|cntr_l0i:auto_generated" File: c:/intelfpga_lite/18.1/quartus/libraries/megafunctions/lpm_counter.tdf Line: 258
Info (12128): Elaborating entity "LOAD_R" for hierarchy "uart_RX:inst0|LOAD_R:b2v_inst3" File: C:/Users/Student/Documents/Embedded_Systems/Lab_12/Part_1/Bluetooth Cart By Liu/sources/uart_RX.v Line: 25
Info (12128): Elaborating entity "action_code" for hierarchy "action_code:inst1" File: C:/Users/Student/Documents/Embedded_Systems/Lab_12/Part_1/Bluetooth Cart By Liu/sources/mobile_control_cart.v Line: 19
Info (12128): Elaborating entity "motor_pwm_v" for hierarchy "motor_pwm_v:inst2" File: C:/Users/Student/Documents/Embedded_Systems/Lab_12/Part_1/Bluetooth Cart By Liu/sources/mobile_control_cart.v Line: 22
Info (10264): Verilog HDL Case Statement information at motor_pwm_v.v(23): all case item expressions in this case statement are onehot File: C:/Users/Student/Documents/Embedded_Systems/Lab_12/Part_1/Bluetooth Cart By Liu/sources/motor_pwm_v.v Line: 23
Warning (10230): Verilog HDL assignment warning at motor_pwm_v.v(41): truncated value with size 32 to match size of target (1) File: C:/Users/Student/Documents/Embedded_Systems/Lab_12/Part_1/Bluetooth Cart By Liu/sources/motor_pwm_v.v Line: 41
Warning (10230): Verilog HDL assignment warning at motor_pwm_v.v(42): truncated value with size 32 to match size of target (1) File: C:/Users/Student/Documents/Embedded_Systems/Lab_12/Part_1/Bluetooth Cart By Liu/sources/motor_pwm_v.v Line: 42
Info (12128): Elaborating entity "divider_v" for hierarchy "motor_pwm_v:inst2|divider_v:inst1" File: C:/Users/Student/Documents/Embedded_Systems/Lab_12/Part_1/Bluetooth Cart By Liu/sources/motor_pwm_v.v Line: 15
Warning (10230): Verilog HDL assignment warning at divider_v.v(25): truncated value with size 32 to match size of target (1) File: C:/Users/Student/Documents/Embedded_Systems/Lab_12/Part_1/Bluetooth Cart By Liu/sources/divider_v.v Line: 25
Warning (10230): Verilog HDL assignment warning at divider_v.v(26): truncated value with size 32 to match size of target (1) File: C:/Users/Student/Documents/Embedded_Systems/Lab_12/Part_1/Bluetooth Cart By Liu/sources/divider_v.v Line: 26
Warning (12241): 2 hierarchies have connectivity warnings - see the Connectivity Checks report folder
Info (13000): Registers with preset signals will power-up high File: c:/intelfpga_lite/18.1/quartus/libraries/megafunctions/lpm_shiftreg.tdf Line: 56
Info (13003): DEV_CLRn pin will set, and not reset, register with preset signal due to NOT Gate Push-Back
Info (286030): Timing-Driven Synthesis is running
Info (17049): 3 registers lost all their fanouts during netlist optimizations.
Info (16010): Generating hard_block partition "hard_block:auto_generated_inst"
    Info (16011): Adding 0 node(s), including 0 DDIO, 0 PLL, 0 transceiver and 0 LCELL
Info (21057): Implemented 214 device resources after synthesis - the final resource count might be different
    Info (21058): Implemented 3 input pins
    Info (21059): Implemented 10 output pins
    Info (21061): Implemented 201 logic cells
Info: Quartus Prime Analysis & Synthesis was successful. 0 errors, 7 warnings
    Info: Peak virtual memory: 4753 megabytes
    Info: Processing ended: Tue Nov 12 14:22:24 2019
    Info: Elapsed time: 00:00:14
    Info: Total CPU time (on all processors): 00:00:31


